2022-07-18 00:48:25.735  INFO 11304 --- [restartedMain] com.cosmos.CosmosApplication             : Starting CosmosApplication using Java 11.0.15 on MalickSerge with PID 11304 (/home/serge/cosmos project/cosmos/target/classes started by serge in /home/serge/cosmos project/cosmos)
2022-07-18 00:48:25.737  INFO 11304 --- [restartedMain] com.cosmos.CosmosApplication             : The following profiles are active: @activatedProperties@
2022-07-18 00:48:25.769  INFO 11304 --- [restartedMain] .e.DevToolsPropertyDefaultsPostProcessor : Devtools property defaults active! Set 'spring.devtools.add-properties' to 'false' to disable
2022-07-18 00:48:25.769  INFO 11304 --- [restartedMain] .e.DevToolsPropertyDefaultsPostProcessor : For additional web related logging consider setting the 'logging.level.web' property to 'DEBUG'
2022-07-18 00:48:25.926  WARN 11304 --- [background-preinit] o.s.h.c.j.Jackson2ObjectMapperBuilder    : For Jackson Kotlin classes support please add "com.fasterxml.jackson.module:jackson-module-kotlin" to the classpath
2022-07-18 00:48:26.564  INFO 11304 --- [restartedMain] .s.d.r.c.RepositoryConfigurationDelegate : Bootstrapping Spring Data JPA repositories in DEFAULT mode.
2022-07-18 00:48:26.635  INFO 11304 --- [restartedMain] .s.d.r.c.RepositoryConfigurationDelegate : Finished Spring Data repository scanning in 65 ms. Found 13 JPA repository interfaces.
2022-07-18 00:48:26.925  INFO 11304 --- [restartedMain] trationDelegate$BeanPostProcessorChecker : Bean 'org.springframework.boot.autoconfigure.flyway.FlywayAutoConfiguration' of type [org.springframework.boot.autoconfigure.flyway.FlywayAutoConfiguration] is not eligible for getting processed by all BeanPostProcessors (for example: not eligible for auto-proxying)
2022-07-18 00:48:26.926  INFO 11304 --- [restartedMain] trationDelegate$BeanPostProcessorChecker : Bean 'stringOrNumberMigrationVersionConverter' of type [org.springframework.boot.autoconfigure.flyway.FlywayAutoConfiguration$StringOrNumberToMigrationVersionConverter] is not eligible for getting processed by all BeanPostProcessors (for example: not eligible for auto-proxying)
2022-07-18 00:48:26.931  INFO 11304 --- [restartedMain] trationDelegate$BeanPostProcessorChecker : Bean 'management.metrics-org.springframework.boot.actuate.autoconfigure.metrics.MetricsProperties' of type [org.springframework.boot.actuate.autoconfigure.metrics.MetricsProperties] is not eligible for getting processed by all BeanPostProcessors (for example: not eligible for auto-proxying)
2022-07-18 00:48:26.932  INFO 11304 --- [restartedMain] trationDelegate$BeanPostProcessorChecker : Bean 'org.springframework.boot.actuate.autoconfigure.metrics.data.RepositoryMetricsAutoConfiguration' of type [org.springframework.boot.actuate.autoconfigure.metrics.data.RepositoryMetricsAutoConfiguration] is not eligible for getting processed by all BeanPostProcessors (for example: not eligible for auto-proxying)
2022-07-18 00:48:26.933  INFO 11304 --- [restartedMain] trationDelegate$BeanPostProcessorChecker : Bean 'org.springframework.boot.actuate.autoconfigure.metrics.export.simple.SimpleMetricsExportAutoConfiguration' of type [org.springframework.boot.actuate.autoconfigure.metrics.export.simple.SimpleMetricsExportAutoConfiguration] is not eligible for getting processed by all BeanPostProcessors (for example: not eligible for auto-proxying)
2022-07-18 00:48:26.936  INFO 11304 --- [restartedMain] trationDelegate$BeanPostProcessorChecker : Bean 'management.metrics.export.simple-org.springframework.boot.actuate.autoconfigure.metrics.export.simple.SimpleProperties' of type [org.springframework.boot.actuate.autoconfigure.metrics.export.simple.SimpleProperties] is not eligible for getting processed by all BeanPostProcessors (for example: not eligible for auto-proxying)
2022-07-18 00:48:26.938  INFO 11304 --- [restartedMain] trationDelegate$BeanPostProcessorChecker : Bean 'simpleConfig' of type [org.springframework.boot.actuate.autoconfigure.metrics.export.simple.SimplePropertiesConfigAdapter] is not eligible for getting processed by all BeanPostProcessors (for example: not eligible for auto-proxying)
2022-07-18 00:48:26.940  INFO 11304 --- [restartedMain] trationDelegate$BeanPostProcessorChecker : Bean 'org.springframework.boot.actuate.autoconfigure.metrics.MetricsAutoConfiguration' of type [org.springframework.boot.actuate.autoconfigure.metrics.MetricsAutoConfiguration] is not eligible for getting processed by all BeanPostProcessors (for example: not eligible for auto-proxying)
2022-07-18 00:48:26.940  INFO 11304 --- [restartedMain] trationDelegate$BeanPostProcessorChecker : Bean 'micrometerClock' of type [io.micrometer.core.instrument.Clock$1] is not eligible for getting processed by all BeanPostProcessors (for example: not eligible for auto-proxying)
2022-07-18 00:48:26.949  INFO 11304 --- [restartedMain] trationDelegate$BeanPostProcessorChecker : Bean 'simpleMeterRegistry' of type [io.micrometer.core.instrument.simple.SimpleMeterRegistry] is not eligible for getting processed by all BeanPostProcessors (for example: not eligible for auto-proxying)
2022-07-18 00:48:26.951  INFO 11304 --- [restartedMain] trationDelegate$BeanPostProcessorChecker : Bean 'repositoryTagsProvider' of type [org.springframework.boot.actuate.metrics.data.DefaultRepositoryTagsProvider] is not eligible for getting processed by all BeanPostProcessors (for example: not eligible for auto-proxying)
2022-07-18 00:48:26.952  INFO 11304 --- [restartedMain] trationDelegate$BeanPostProcessorChecker : Bean 'metricsRepositoryMethodInvocationListener' of type [org.springframework.boot.actuate.metrics.data.MetricsRepositoryMethodInvocationListener] is not eligible for getting processed by all BeanPostProcessors (for example: not eligible for auto-proxying)
2022-07-18 00:48:27.104  INFO 11304 --- [restartedMain] o.s.b.w.embedded.tomcat.TomcatWebServer  : Tomcat initialized with port(s): 5006 (http)
2022-07-18 00:48:27.110  INFO 11304 --- [restartedMain] o.apache.catalina.core.StandardService   : Starting service [Tomcat]
2022-07-18 00:48:27.110  INFO 11304 --- [restartedMain] org.apache.catalina.core.StandardEngine  : Starting Servlet engine: [Apache Tomcat/9.0.46]
2022-07-18 00:48:27.156  INFO 11304 --- [restartedMain] o.a.c.c.C.[.[localhost].[/api/v1]        : Initializing Spring embedded WebApplicationContext
2022-07-18 00:48:27.156  INFO 11304 --- [restartedMain] w.s.c.ServletWebServerApplicationContext : Root WebApplicationContext: initialization completed in 1386 ms
2022-07-18 00:48:27.283  INFO 11304 --- [restartedMain] o.f.c.internal.license.VersionPrinter    : Flyway Community Edition 7.7.3 by Redgate
2022-07-18 00:48:27.472  INFO 11304 --- [restartedMain] o.f.c.i.database.base.DatabaseType       : Database: jdbc:postgresql:cosmos_dev (PostgreSQL 12.11)
2022-07-18 00:48:27.500  INFO 11304 --- [restartedMain] o.f.core.internal.command.DbValidate     : Successfully validated 2 migrations (execution time 00:00.016s)
2022-07-18 00:48:27.506  INFO 11304 --- [restartedMain] o.f.core.internal.command.DbMigrate      : Current version of schema "public": 1.1
2022-07-18 00:48:27.507  INFO 11304 --- [restartedMain] o.f.core.internal.command.DbMigrate      : Schema "public" is up to date. No migration necessary.
2022-07-18 00:48:27.545  INFO 11304 --- [restartedMain] o.hibernate.jpa.internal.util.LogHelper  : HHH000204: Processing PersistenceUnitInfo [name: default]
2022-07-18 00:48:27.569  INFO 11304 --- [restartedMain] org.hibernate.Version                    : HHH000412: Hibernate ORM core version 5.4.31.Final
2022-07-18 00:48:27.625  INFO 11304 --- [restartedMain] o.hibernate.annotations.common.Version   : HCANN000001: Hibernate Commons Annotations {5.1.2.Final}
2022-07-18 00:48:27.673  INFO 11304 --- [restartedMain] com.zaxxer.hikari.HikariDataSource       : HikariPool-1 - Starting...
2022-07-18 00:48:27.697  INFO 11304 --- [restartedMain] com.zaxxer.hikari.HikariDataSource       : HikariPool-1 - Start completed.
2022-07-18 00:48:27.704  INFO 11304 --- [restartedMain] org.hibernate.dialect.Dialect            : HHH000400: Using dialect: org.hibernate.dialect.PostgreSQL94Dialect
2022-07-18 00:48:28.123  INFO 11304 --- [restartedMain] o.h.e.t.j.p.i.JtaPlatformInitiator       : HHH000490: Using JtaPlatform implementation: [org.hibernate.engine.transaction.jta.platform.internal.NoJtaPlatform]
2022-07-18 00:48:28.129  INFO 11304 --- [restartedMain] j.LocalContainerEntityManagerFactoryBean : Initialized JPA EntityManagerFactory for persistence unit 'default'
2022-07-18 00:48:28.175  WARN 11304 --- [restartedMain] JpaBaseConfiguration$JpaWebConfiguration : spring.jpa.open-in-view is enabled by default. Therefore, database queries may be performed during view rendering. Explicitly configure spring.jpa.open-in-view to disable this warning
2022-07-18 00:48:28.764  INFO 11304 --- [restartedMain] o.s.b.a.e.web.EndpointLinksResolver      : Exposing 1 endpoint(s) beneath base path '/actuator'
2022-07-18 00:48:28.854  INFO 11304 --- [restartedMain] .s.s.UserDetailsServiceAutoConfiguration : 

Using generated security password: d835cfe9-d414-488d-908c-ba668a825286

2022-07-18 00:48:28.963  INFO 11304 --- [restartedMain] o.s.s.web.DefaultSecurityFilterChain     : Will secure any request with [org.springframework.security.web.context.request.async.WebAsyncManagerIntegrationFilter@7fd91368, org.springframework.security.web.context.SecurityContextPersistenceFilter@256b235b, org.springframework.security.web.header.HeaderWriterFilter@3e049422, org.springframework.web.filter.CorsFilter@10966c1b, org.springframework.security.web.authentication.logout.LogoutFilter@2a637883, org.springframework.security.web.savedrequest.RequestCacheAwareFilter@5adb5b6, org.springframework.security.web.servletapi.SecurityContextHolderAwareRequestFilter@7c783b90, org.springframework.security.web.authentication.AnonymousAuthenticationFilter@7d241044, org.springframework.security.web.session.SessionManagementFilter@1ed92766, org.springframework.security.web.access.ExceptionTranslationFilter@77745f70, org.springframework.security.web.access.intercept.FilterSecurityInterceptor@6b1de56b]
2022-07-18 00:48:29.006  INFO 11304 --- [restartedMain] o.s.b.d.a.OptionalLiveReloadServer       : LiveReload server is running on port 35729
2022-07-18 00:48:29.172  INFO 11304 --- [restartedMain] o.s.b.w.embedded.tomcat.TomcatWebServer  : Tomcat started on port(s): 5006 (http) with context path '/api/v1'
2022-07-18 00:48:29.447  INFO 11304 --- [restartedMain] com.cosmos.CosmosApplication             : Started CosmosApplication in 3.966 seconds (JVM running for 4.325)
2022-07-18 00:48:29.485  INFO 11304 --- [restartedMain] o.s.b.a.ApplicationAvailabilityBean      : Application availability state LivenessState changed to CORRECT
2022-07-18 00:48:29.488  INFO 11304 --- [restartedMain] o.s.b.a.ApplicationAvailabilityBean      : Application availability state ReadinessState changed to ACCEPTING_TRAFFIC
2022-07-18 00:48:36.233  INFO 11304 --- [http-nio-5006-exec-1] o.a.c.c.C.[.[localhost].[/api/v1]        : Initializing Spring DispatcherServlet 'dispatcherServlet'
2022-07-18 00:48:36.233  INFO 11304 --- [http-nio-5006-exec-1] o.s.web.servlet.DispatcherServlet        : Initializing Servlet 'dispatcherServlet'
2022-07-18 00:48:36.235  INFO 11304 --- [http-nio-5006-exec-1] o.s.web.servlet.DispatcherServlet        : Completed initialization in 1 ms
2022-07-18 00:48:58.388 DEBUG 11304 --- [http-nio-5006-exec-6] org.hibernate.SQL                        : select efloorroom0_.floor_room_id as floor_ro1_0_, efloorroom0_.floor_room_project_floor_id as floor_ro5_0_, efloorroom0_.floor_room_desc as floor_ro2_0_, efloorroom0_.floor_room_value as floor_ro3_0_, efloorroom0_.floor_room_size as floor_ro4_0_ from floor_room efloorroom0_ order by efloorroom0_.floor_room_id desc limit ?
